<?xml version="1.0" encoding="UTF-8"?>
<!-- Generated by org.testng.reporters.JUnitReportReporter -->
<testsuite hostname="hp-PC" name="BasicTestNGAnnotations.PersonalChat" tests="3" failures="0" timestamp="19 Oct 2019 07:08:31 GMT" time="0.000" errors="0">
  <testcase name="test1" time="0.000" classname="BasicTestNGAnnotations.PersonalChat"/>
  <testcase name="test3" time="0.000" classname="BasicTestNGAnnotations.PersonalChat"/>
  <testcase name="test2" time="0.000" classname="BasicTestNGAnnotations.PersonalChat"/>
</testsuite> <!-- BasicTestNGAnnotations.PersonalChat -->
